<?xml version="1.0" encoding="UTF-8"?>
<!-- Generated by org.testng.reporters.JUnitReportReporter -->
<testsuite hostname="LAPTOP-9E4C2GM4" name="org.cts.tst.B" tests="3" failures="0" timestamp="17 Sep 2019 07:48:51 GMT" time="251.443" errors="0">
  <testcase name="tc1" time="57.625" classname="org.cts.tst.B"/>
  <testcase name="tc1" time="35.539" classname="org.cts.tst.B"/>
  <testcase name="tc1" time="158.279" classname="org.cts.tst.B"/>
</testsuite> <!-- org.cts.tst.B -->
