<?xml version="1.0" encoding="UTF-8"?>
<!-- Generated by org.testng.reporters.JUnitReportReporter -->
<testsuite hostname="LAPTOP-9E4C2GM4" name="org.cts.tst.A" tests="3" failures="0" timestamp="17 Sep 2019 12:58:10 GMT" time="20.274" errors="0">
  <testcase name="tc1" time="12.624" classname="org.cts.tst.A"/>
  <testcase name="tc1" time="4.707" classname="org.cts.tst.A"/>
  <testcase name="tc1" time="2.943" classname="org.cts.tst.A"/>
</testsuite> <!-- org.cts.tst.A -->
